20-Dec-2021 15:16:34.873 INFO [main] org.apache.catalina.startup.VersionLoggerListener.log Server version name:   Apache Tomcat/9.0.56
20-Dec-2021 15:16:34.875 INFO [main] org.apache.catalina.startup.VersionLoggerListener.log Server built:          Dec 2 2021 14:30:07 UTC
20-Dec-2021 15:16:34.876 INFO [main] org.apache.catalina.startup.VersionLoggerListener.log Server version number: 9.0.56.0
20-Dec-2021 15:16:34.876 INFO [main] org.apache.catalina.startup.VersionLoggerListener.log OS Name:               Windows 10
20-Dec-2021 15:16:34.877 INFO [main] org.apache.catalina.startup.VersionLoggerListener.log OS Version:            10.0
20-Dec-2021 15:16:34.877 INFO [main] org.apache.catalina.startup.VersionLoggerListener.log Architecture:          amd64
20-Dec-2021 15:16:34.877 INFO [main] org.apache.catalina.startup.VersionLoggerListener.log Java Home:             C:\Program Files\Java\jdk-17.0.1
20-Dec-2021 15:16:34.877 INFO [main] org.apache.catalina.startup.VersionLoggerListener.log JVM Version:           17.0.1+12-LTS-39
20-Dec-2021 15:16:34.877 INFO [main] org.apache.catalina.startup.VersionLoggerListener.log JVM Vendor:            Oracle Corporation
20-Dec-2021 15:16:34.877 INFO [main] org.apache.catalina.startup.VersionLoggerListener.log CATALINA_BASE:         C:\Users\Admin\Desktop\JAVA5\apache-tomcat-9.0.56
20-Dec-2021 15:16:34.878 INFO [main] org.apache.catalina.startup.VersionLoggerListener.log CATALINA_HOME:         C:\Users\Admin\Desktop\JAVA5\apache-tomcat-9.0.56
20-Dec-2021 15:16:34.885 INFO [main] org.apache.catalina.startup.VersionLoggerListener.log Command line argument: --add-opens=java.base/java.lang=ALL-UNNAMED
20-Dec-2021 15:16:34.885 INFO [main] org.apache.catalina.startup.VersionLoggerListener.log Command line argument: --add-opens=java.base/java.io=ALL-UNNAMED
20-Dec-2021 15:16:34.885 INFO [main] org.apache.catalina.startup.VersionLoggerListener.log Command line argument: --add-opens=java.base/java.util=ALL-UNNAMED
20-Dec-2021 15:16:34.885 INFO [main] org.apache.catalina.startup.VersionLoggerListener.log Command line argument: --add-opens=java.base/java.util.concurrent=ALL-UNNAMED
20-Dec-2021 15:16:34.886 INFO [main] org.apache.catalina.startup.VersionLoggerListener.log Command line argument: --add-opens=java.rmi/sun.rmi.transport=ALL-UNNAMED
20-Dec-2021 15:16:34.886 INFO [main] org.apache.catalina.startup.VersionLoggerListener.log Command line argument: -Djava.util.logging.config.file=C:\Users\Admin\Desktop\JAVA5\apache-tomcat-9.0.56\conf\logging.properties
20-Dec-2021 15:16:34.886 INFO [main] org.apache.catalina.startup.VersionLoggerListener.log Command line argument: -Djava.util.logging.manager=org.apache.juli.ClassLoaderLogManager
20-Dec-2021 15:16:34.887 INFO [main] org.apache.catalina.startup.VersionLoggerListener.log Command line argument: -Djdk.tls.ephemeralDHKeySize=2048
20-Dec-2021 15:16:34.887 INFO [main] org.apache.catalina.startup.VersionLoggerListener.log Command line argument: -Djava.protocol.handler.pkgs=org.apache.catalina.webresources
20-Dec-2021 15:16:34.887 INFO [main] org.apache.catalina.startup.VersionLoggerListener.log Command line argument: -Dignore.endorsed.dirs=
20-Dec-2021 15:16:34.888 INFO [main] org.apache.catalina.startup.VersionLoggerListener.log Command line argument: -Dcatalina.base=C:\Users\Admin\Desktop\JAVA5\apache-tomcat-9.0.56
20-Dec-2021 15:16:34.888 INFO [main] org.apache.catalina.startup.VersionLoggerListener.log Command line argument: -Dcatalina.home=C:\Users\Admin\Desktop\JAVA5\apache-tomcat-9.0.56
20-Dec-2021 15:16:34.888 INFO [main] org.apache.catalina.startup.VersionLoggerListener.log Command line argument: -Djava.io.tmpdir=C:\Users\Admin\Desktop\JAVA5\apache-tomcat-9.0.56\temp
20-Dec-2021 15:16:34.891 INFO [main] org.apache.catalina.core.AprLifecycleListener.lifecycleEvent Loaded Apache Tomcat Native library [1.2.31] using APR version [1.7.0].
20-Dec-2021 15:16:34.891 INFO [main] org.apache.catalina.core.AprLifecycleListener.lifecycleEvent APR capabilities: IPv6 [true], sendfile [true], accept filters [false], random [true], UDS [true].
20-Dec-2021 15:16:34.891 INFO [main] org.apache.catalina.core.AprLifecycleListener.lifecycleEvent APR/OpenSSL configuration: useAprConnector [false], useOpenSSL [true]
20-Dec-2021 15:16:34.895 INFO [main] org.apache.catalina.core.AprLifecycleListener.initializeSSL OpenSSL successfully initialized [OpenSSL 1.1.1l  24 Aug 2021]
20-Dec-2021 15:16:35.118 INFO [main] org.apache.coyote.AbstractProtocol.init Initializing ProtocolHandler ["http-nio-8080"]
20-Dec-2021 15:16:35.138 INFO [main] org.apache.catalina.startup.Catalina.load Server initialization in [404] milliseconds
20-Dec-2021 15:16:35.169 INFO [main] org.apache.catalina.core.StandardService.startInternal Starting service [Catalina]
20-Dec-2021 15:16:35.169 INFO [main] org.apache.catalina.core.StandardEngine.startInternal Starting Servlet engine: [Apache Tomcat/9.0.56]
20-Dec-2021 15:16:35.184 INFO [main] org.apache.catalina.startup.HostConfig.deployWAR Deploying web application archive [C:\Users\Admin\Desktop\JAVA5\apache-tomcat-9.0.56\webapps\Lab1_Bai2.war]
20-Dec-2021 15:16:36.955 INFO [main] org.apache.jasper.servlet.TldScanner.scanJars At least one JAR was scanned for TLDs yet contained no TLDs. Enable debug logging for this logger for a complete list of JARs that were scanned but no TLDs were found in them. Skipping unneeded JARs during scanning can improve startup time and JSP compilation time.
20-Dec-2021 15:16:39.266 INFO [main] org.apache.catalina.startup.HostConfig.deployWAR Deployment of web application archive [C:\Users\Admin\Desktop\JAVA5\apache-tomcat-9.0.56\webapps\Lab1_Bai2.war] has finished in [4,082] ms
20-Dec-2021 15:16:39.267 INFO [main] org.apache.catalina.startup.HostConfig.deployDirectory Deploying web application directory [C:\Users\Admin\Desktop\JAVA5\apache-tomcat-9.0.56\webapps\docs]
20-Dec-2021 15:16:39.288 INFO [main] org.apache.catalina.startup.HostConfig.deployDirectory Deployment of web application directory [C:\Users\Admin\Desktop\JAVA5\apache-tomcat-9.0.56\webapps\docs] has finished in [21] ms
20-Dec-2021 15:16:39.288 INFO [main] org.apache.catalina.startup.HostConfig.deployDirectory Deploying web application directory [C:\Users\Admin\Desktop\JAVA5\apache-tomcat-9.0.56\webapps\examples]
20-Dec-2021 15:16:39.562 INFO [main] org.apache.catalina.startup.HostConfig.deployDirectory Deployment of web application directory [C:\Users\Admin\Desktop\JAVA5\apache-tomcat-9.0.56\webapps\examples] has finished in [274] ms
20-Dec-2021 15:16:39.563 INFO [main] org.apache.catalina.startup.HostConfig.deployDirectory Deploying web application directory [C:\Users\Admin\Desktop\JAVA5\apache-tomcat-9.0.56\webapps\host-manager]
20-Dec-2021 15:16:39.594 INFO [main] org.apache.catalina.startup.HostConfig.deployDirectory Deployment of web application directory [C:\Users\Admin\Desktop\JAVA5\apache-tomcat-9.0.56\webapps\host-manager] has finished in [31] ms
20-Dec-2021 15:16:39.595 INFO [main] org.apache.catalina.startup.HostConfig.deployDirectory Deploying web application directory [C:\Users\Admin\Desktop\JAVA5\apache-tomcat-9.0.56\webapps\manager]
20-Dec-2021 15:16:39.625 INFO [main] org.apache.catalina.startup.HostConfig.deployDirectory Deployment of web application directory [C:\Users\Admin\Desktop\JAVA5\apache-tomcat-9.0.56\webapps\manager] has finished in [30] ms
20-Dec-2021 15:16:39.626 INFO [main] org.apache.catalina.startup.HostConfig.deployDirectory Deploying web application directory [C:\Users\Admin\Desktop\JAVA5\apache-tomcat-9.0.56\webapps\ROOT]
20-Dec-2021 15:16:39.645 INFO [main] org.apache.catalina.startup.HostConfig.deployDirectory Deployment of web application directory [C:\Users\Admin\Desktop\JAVA5\apache-tomcat-9.0.56\webapps\ROOT] has finished in [19] ms
20-Dec-2021 15:16:39.648 INFO [main] org.apache.coyote.AbstractProtocol.start Starting ProtocolHandler ["http-nio-8080"]
20-Dec-2021 15:16:39.728 INFO [main] org.apache.catalina.startup.Catalina.start Server startup in [4589] milliseconds
20-Dec-2021 15:19:11.950 SEVERE [main] org.apache.catalina.startup.Catalina.stopServer Could not contact [localhost:8005] (base port [8005] and offset [0]). Tomcat may not be running.
